HTTP/1.1 200 OK
Content-Length: 18549
Content-Type: application/json; charset=utf-8
Date: Mon, 13 Aug 2018 02:48:25 GMT

{
  "stag_sq02": [
    {
      "eidc": "stag_sq02",
      "eth0": "172.19.53.131",
      "hostname": "A04-R08-I53-131.SQ02.JCLOUD.COM",
      "rack": "T1-L1-054",
      "serverModule": "",
      "service": "jcloud",
      "soft": "os-redis"
    },
    {
      "eidc": "stag_sq02",
      "eth0": "172.19.53.131",
      "hostname": "A04-R08-I53-131.SQ02.JCLOUD.COM",
      "rack": "T1-L1-054",
      "serverModule": "",
      "service": "jcloud",
      "soft": "os-rabbitmq"
    },
    {
      "eidc": "stag_sq02",
      "eth0": "172.19.53.132",
      "hostname": "A04-R08-I53-132.SQ02.JCLOUD.COM",
      "rack": "T1-L1-054",
      "serverModule": "",
      "service": "jcloud",
      "soft": "jcloud-dr"
    },
    {
      "eidc": "stag_sq02",
      "eth0": "172.19.53.133",
      "hostname": "A04-R08-I53-133.SQ02.JCLOUD.COM",
      "rack": "T1-L1-054",
      "serverModule": "",
      "service": "jcloud",
      "soft": "jcloud-vr"
    },
    {
      "eidc": "stag_sq02",
      "eth0": "172.19.53.134",
      "hostname": "A04-R08-I53-134.SQ02.JCLOUD.COM",
      "rack": "T1-L1-054",
      "serverModule": "",
      "service": "jcloud",
      "soft": "jcloud-volume"
    },
    {
      "eidc": "stag_sq02",
      "eth0": "172.19.53.134",
      "hostname": "A04-R08-I53-134.SQ02.JCLOUD.COM",
      "rack": "T1-L1-054",
      "serverModule": "",
      "service": "jcloud",
      "soft": "jcloud-vncproxy"
    },
    {
      "eidc": "stag_sq02",
      "eth0": "172.19.53.137",
      "hostname": "A04-R08-I53-137.SQ02.JCLOUD.COM",
      "rack": "T1-L1-054",
      "serverModule": "",
      "service": "jcloud",
      "soft": "jcloud-inat"
    },
    {
      "eidc": "stag_sq02",
      "eth0": "172.19.53.142",
      "hostname": "A04-R08-I53-142.SQ02.JCLOUD.COM",
      "rack": "T1-L1-054",
      "serverModule": "",
      "service": "jcloud",
      "soft": "jcloud-docker-mysql"
    },
    {
      "eidc": "stag_sq02",
      "eth0": "172.19.53.143",
      "hostname": "A04-R08-I53-143.SQ02.JCLOUD.COM",
      "rack": "T1-L1-054",
      "serverModule": "",
      "service": "jcloud",
      "soft": "jcloud-docker-mysql"
    },
    {
      "eidc": "stag_sq02",
      "eth0": "172.19.53.144",
      "hostname": "A04-R08-I53-144.SQ02.JCLOUD.COM",
      "rack": "T1-L1-054",
      "serverModule": "",
      "service": "jcloud",
      "soft": "jcloud-docker-mysql"
    },
    {
      "eidc": "stag_sq02",
      "eth0": "172.19.53.163",
      "hostname": "A04-R08-I53-163.SQ02.JCLOUD.COM",
      "rack": "T1-L1-055",
      "serverModule": "",
      "service": "jcloud",
      "soft": "jcloud-volume"
    },
    {
      "eidc": "stag_sq02",
      "eth0": "172.19.53.163",
      "hostname": "A04-R08-I53-163.SQ02.JCLOUD.COM",
      "rack": "T1-L1-055",
      "serverModule": "",
      "service": "jcloud",
      "soft": "jcloud-vncproxy"
    },
    {
      "eidc": "stag_sq02",
      "eth0": "172.19.53.166",
      "hostname": "A04-R08-I53-166.SQ02.JCLOUD.COM",
      "rack": "T1-L1-055",
      "serverModule": "",
      "service": "jcloud",
      "soft": "jcloud-collector"
    },
    {
      "eidc": "stag_sq02",
      "eth0": "172.19.53.166",
      "hostname": "A04-R08-I53-166.SQ02.JCLOUD.COM",
      "rack": "T1-L1-055",
      "serverModule": "",
      "service": "jcloud",
      "soft": "jcloud-api"
    },
    {
      "eidc": "stag_sq02",
      "eth0": "172.19.53.166",
      "hostname": "A04-R08-I53-166.SQ02.JCLOUD.COM",
      "rack": "T1-L1-055",
      "serverModule": "",
      "service": "jcloud",
      "soft": "jcloud-gw"
    },
    {
      "eidc": "stag_sq02",
      "eth0": "172.19.53.169",
      "hostname": "A04-R08-I53-169.SQ02.JCLOUD.COM",
      "rack": "T1-L1-055",
      "serverModule": "",
      "service": "jcloud",
      "soft": "jmiss-mongo-backup"
    },
    {
      "eidc": "stag_sq02",
      "eth0": "172.19.53.169",
      "hostname": "A04-R08-I53-169.SQ02.JCLOUD.COM",
      "rack": "T1-L1-055",
      "serverModule": "",
      "service": "jcloud",
      "soft": "jcloud-docker-mongo"
    },
    {
      "eidc": "stag_sq02",
      "eth0": "172.19.53.169",
      "hostname": "A04-R08-I53-169.SQ02.JCLOUD.COM",
      "rack": "T1-L1-055",
      "serverModule": "",
      "service": "jcloud",
      "soft": "jmiss-mongo-agent"
    },
    {
      "eidc": "stag_sq02",
      "eth0": "172.19.53.171",
      "hostname": "172.19.53.171",
      "rack": "T1-L1-055",
      "serverModule": "",
      "service": "ebs",
      "soft": "ebsvolumemanager"
    },
    {
      "eidc": "stag_sq02",
      "eth0": "172.19.53.174",
      "hostname": "A04-R08-I53-174.SQ02.JCLOUD.COM",
      "rack": "",
      "serverModule": "",
      "service": "jcloud",
      "soft": "jcloud-docker-lbaas"
    },
    {
      "eidc": "stag_sq02",
      "eth0": "172.19.53.175",
      "hostname": "A04-R08-I53-175.SQ02.JCLOUD.COM",
      "rack": "T1-L1-055",
      "serverModule": "",
      "service": "jcloud",
      "soft": "jcloud-inat"
    },
    {
      "eidc": "stag_sq02",
      "eth0": "172.19.53.176",
      "hostname": "A04-R08-I53-176.SQ02.JCLOUD.COM",
      "rack": "T1-L1-055",
      "serverModule": "",
      "service": "jcloud",
      "soft": "jcloud-kvm"
    },
    {
      "eidc": "stag_sq02",
      "eth0": "172.19.53.178",
      "hostname": "A04-R08-I53-178-5000537.JCLOUD.COM",
      "rack": "T1-L1-055",
      "serverModule": "HUAWEIRH1288_64C_503G",
      "service": "jcloud",
      "soft": "jks-container"
    },
    {
      "eidc": "stag_sq02",
      "eth0": "172.19.53.178",
      "hostname": "A04-R08-I53-178-5000537.JCLOUD.COM",
      "rack": "T1-L1-055",
      "serverModule": "HUAWEIRH1288_64C_503G",
      "service": "jcloud",
      "soft": "jcs-dkvm"
    },
    {
      "eidc": "stag_sq02",
      "eth0": "172.19.53.194",
      "hostname": "A04-R08-I53-194-6X28S62.JCLOUD.COM",
      "rack": "T1-L1-056",
      "serverModule": "DELLR630_32C_125G",
      "service": "jcloud",
      "soft": "jcs-agent"
    },
    {
      "eidc": "stag_sq02",
      "eth0": "172.19.53.196",
      "hostname": "A04-R08-I53-196.SQ02.JCLOUD.COM",
      "rack": "T1-L1-056",
      "serverModule": "",
      "service": "jcloud",
      "soft": "jcloud-collector"
    },
    {
      "eidc": "stag_sq02",
      "eth0": "172.19.53.196",
      "hostname": "A04-R08-I53-196.SQ02.JCLOUD.COM",
      "rack": "T1-L1-056",
      "serverModule": "",
      "service": "jcloud",
      "soft": "jcloud-api"
    },
    {
      "eidc": "stag_sq02",
      "eth0": "172.19.53.196",
      "hostname": "A04-R08-I53-196.SQ02.JCLOUD.COM",
      "rack": "T1-L1-056",
      "serverModule": "",
      "service": "jcloud",
      "soft": "jcloud-gw"
    },
    {
      "eidc": "stag_sq02",
      "eth0": "172.19.53.198",
      "hostname": "A04-R08-I54-37.SQ02.JCLOUD.COM",
      "rack": "T1-L1-056",
      "serverModule": "",
      "service": "jcloud",
      "soft": "os-redis"
    },
    {
      "eidc": "stag_sq02",
      "eth0": "172.19.53.198",
      "hostname": "A04-R08-I54-37.SQ02.JCLOUD.COM",
      "rack": "T1-L1-056",
      "serverModule": "",
      "service": "jcloud",
      "soft": "os-rabbitmq"
    },
    {
      "eidc": "stag_sq02",
      "eth0": "172.19.53.206",
      "hostname": "A04-R08-I53-206.SQ02.JCLOUD.COM",
      "rack": "T1-L1-056",
      "serverModule": "",
      "service": "jcloud",
      "soft": "jmiss-mongo-backup"
    },
    {
      "eidc": "stag_sq02",
      "eth0": "172.19.53.206",
      "hostname": "A04-R08-I53-206.SQ02.JCLOUD.COM",
      "rack": "T1-L1-056",
      "serverModule": "",
      "service": "jcloud",
      "soft": "jcloud-docker-mongo"
    },
    {
      "eidc": "stag_sq02",
      "eth0": "172.19.53.206",
      "hostname": "A04-R08-I53-206.SQ02.JCLOUD.COM",
      "rack": "T1-L1-056",
      "serverModule": "",
      "service": "jcloud",
      "soft": "jmiss-mongo-agent"
    },
    {
      "eidc": "stag_sq02",
      "eth0": "172.19.53.207",
      "hostname": "A04-R08-I53-207.SQ02.JCLOUD.COM",
      "rack": "T1-L1-056",
      "serverModule": "",
      "service": "jcloud",
      "soft": "jcloud-docker-lbaas"
    },
    {
      "eidc": "stag_sq02",
      "eth0": "172.19.53.226",
      "hostname": "A04-R08-I53-226-6XC1S62.JCLOUD.COM",
      "rack": "T1-L1-057",
      "serverModule": "DELLR630_32C_125G",
      "service": "jcloud",
      "soft": "rms-api"
    },
    {
      "eidc": "stag_sq02",
      "eth0": "172.19.53.226",
      "hostname": "A04-R08-I53-226-6XC1S62.JCLOUD.COM",
      "rack": "T1-L1-057",
      "serverModule": "DELLR630_32C_125G",
      "service": "jcloud",
      "soft": "jks-api"
    },
    {
      "eidc": "stag_sq02",
      "eth0": "172.19.53.226",
      "hostname": "A04-R08-I53-226-6XC1S62.JCLOUD.COM",
      "rack": "T1-L1-057",
      "serverModule": "DELLR630_32C_125G",
      "service": "jcloud",
      "soft": "jke-api"
    },
    {
      "eidc": "stag_sq02",
      "eth0": "172.19.53.226",
      "hostname": "A04-R08-I53-226-6XC1S62.JCLOUD.COM",
      "rack": "T1-L1-057",
      "serverModule": "DELLR630_32C_125G",
      "service": "jcloud",
      "soft": "jcs-api"
    },
    {
      "eidc": "stag_sq02",
      "eth0": "172.19.53.226",
      "hostname": "A04-R08-I53-226-6XC1S62.JCLOUD.COM",
      "rack": "T1-L1-057",
      "serverModule": "DELLR630_32C_125G",
      "service": "jcloud",
      "soft": "jke-scheduler"
    },
    {
      "eidc": "stag_sq02",
      "eth0": "172.19.53.226",
      "hostname": "A04-R08-I53-226-6XC1S62.JCLOUD.COM",
      "rack": "T1-L1-057",
      "serverModule": "DELLR630_32C_125G",
      "service": "jcloud",
      "soft": "ag-api"
    },
    {
      "eidc": "stag_sq02",
      "eth0": "172.19.53.230",
      "hostname": "A04-R08-I54-36.SQ02.JCLOUD.COM",
      "rack": "T1-L1-057",
      "serverModule": "",
      "service": "jcloud",
      "soft": "os-redis"
    },
    {
      "eidc": "stag_sq02",
      "eth0": "172.19.53.230",
      "hostname": "A04-R08-I54-36.SQ02.JCLOUD.COM",
      "rack": "T1-L1-057",
      "serverModule": "",
      "service": "jcloud",
      "soft": "os-rabbitmq"
    },
    {
      "eidc": "stag_sq02",
      "eth0": "172.19.53.236",
      "hostname": "172.19.53.236",
      "rack": "T1-L1-057",
      "serverModule": "",
      "service": "ebs",
      "soft": "ebsrecoverynode"
    },
    {
      "eidc": "stag_sq02",
      "eth0": "172.19.53.236",
      "hostname": "172.19.53.236",
      "rack": "T1-L1-057",
      "serverModule": "",
      "service": "ebs",
      "soft": "ebsvolumemanager"
    },
    {
      "eidc": "stag_sq02",
      "eth0": "172.19.53.239",
      "hostname": "A04-R08-I53-239.SQ02.JCLOUD.COM",
      "rack": "T1-L1-057",
      "serverModule": "",
      "service": "jcloud",
      "soft": "jmiss-mongo-backup"
    },
    {
      "eidc": "stag_sq02",
      "eth0": "172.19.53.239",
      "hostname": "A04-R08-I53-239.SQ02.JCLOUD.COM",
      "rack": "T1-L1-057",
      "serverModule": "",
      "service": "jcloud",
      "soft": "jcloud-docker-mongo"
    },
    {
      "eidc": "stag_sq02",
      "eth0": "172.19.53.239",
      "hostname": "A04-R08-I53-239.SQ02.JCLOUD.COM",
      "rack": "T1-L1-057",
      "serverModule": "",
      "service": "jcloud",
      "soft": "jmiss-mongo-agent"
    },
    {
      "eidc": "stag_sq02",
      "eth0": "172.19.53.240",
      "hostname": "A04-R08-I53-240.SQ02.JCLOUD.COM",
      "rack": "T1-L1-057",
      "serverModule": "",
      "service": "jcloud",
      "soft": "jcloud-docker-lbaas"
    },
    {
      "eidc": "stag_sq02",
      "eth0": "172.19.57.42",
      "hostname": "A04-R08-I57-42-6001566.JCLOUD.COM",
      "rack": "T1-N1-026",
      "serverModule": "HUAWEIRH1288_64C_503G",
      "service": "jcloud",
      "soft": "jcloud-dr"
    },
    {
      "eidc": "stag_sq02",
      "eth0": "172.19.58.131",
      "hostname": "A04-R08-I245-131-IBFYBP2.JCLOUD.COM",
      "rack": "T1-N2-027",
      "serverModule": "DELLR730xd_64C_251G",
      "service": "jcloud",
      "soft": "jcloud-kvm-sql"
    },
    {
      "eidc": "stag_sq02",
      "eth0": "172.19.58.135",
      "hostname": "A04-R08-I245-135-1HGWBP2.JCLOUD.COM",
      "rack": "T1-N2-027",
      "serverModule": "DELLR730XD_64C_251G",
      "service": "jcloud",
      "soft": "jcloud-kvm-sql"
    },
    {
      "eidc": "stag_sq02",
      "eth0": "172.19.58.170",
      "hostname": "A04-R08-I245-170-IDMYBP2.JCLOUD.COM",
      "rack": "T1-N2-028",
      "serverModule": "DELLR730XD_64C_251G",
      "service": "jcloud",
      "soft": "jcloud-kvm-sql"
    },
    {
      "eidc": "stag_sq02",
      "eth0": "172.19.58.198",
      "hostname": "172.19.58.198",
      "rack": "T1-N2-030",
      "serverModule": "",
      "service": "zbs",
      "soft": "zbs-gw"
    },
    {
      "eidc": "stag_sq02",
      "eth0": "172.19.58.198",
      "hostname": "172.19.58.198",
      "rack": "T1-N2-030",
      "serverModule": "",
      "service": "zbs",
      "soft": "zbs-scheduler"
    },
    {
      "eidc": "stag_sq02",
      "eth0": "172.19.58.198",
      "hostname": "172.19.58.198",
      "rack": "T1-N2-030",
      "serverModule": "",
      "service": "zbs",
      "soft": "zbs-inner-api"
    },
    {
      "eidc": "stag_sq02",
      "eth0": "172.19.58.198",
      "hostname": "172.19.58.198",
      "rack": "T1-N2-030",
      "serverModule": "",
      "service": "zbs",
      "soft": "zbs-monitor"
    },
    {
      "eidc": "stag_sq02",
      "eth0": "172.19.58.198",
      "hostname": "172.19.58.198",
      "rack": "T1-N2-030",
      "serverModule": "",
      "service": "zbs",
      "soft": "zbs-worker"
    },
    {
      "eidc": "stag_sq02",
      "eth0": "172.19.58.198",
      "hostname": "172.19.58.198",
      "rack": "T1-N2-030",
      "serverModule": "",
      "service": "zbs",
      "soft": "zbs-api"
    },
    {
      "eidc": "stag_sq02",
      "eth0": "172.19.58.199",
      "hostname": "172.19.58.199",
      "rack": "T1-N2-031",
      "serverModule": "",
      "service": "zbs",
      "soft": "zbs-storage"
    },
    {
      "eidc": "stag_sq02",
      "eth0": "172.19.58.200",
      "hostname": "172.19.58.200",
      "rack": "T1-N2-030",
      "serverModule": "",
      "service": "zbs",
      "soft": "zbs-storage"
    },
    {
      "eidc": "stag_sq02",
      "eth0": "172.19.58.201",
      "hostname": "172.19.58.201",
      "rack": "T1-N2-031",
      "serverModule": "",
      "service": "zbs",
      "soft": "zbs-storage"
    },
    {
      "eidc": "stag_sq02",
      "eth0": "172.19.58.202",
      "hostname": "172.19.58.202",
      "rack": "T1-N2-030",
      "serverModule": "",
      "service": "zbs",
      "soft": "zbs-storage"
    },
    {
      "eidc": "stag_sq02",
      "eth0": "172.19.58.226",
      "hostname": "A04-R08-I245-226-5000451.JCLOUD.COM",
      "rack": "T1-N2-032",
      "serverModule": "HUAWEIRH1288_64C_503G",
      "service": "jcloud",
      "soft": "jcs-agent"
    },
    {
      "eidc": "stag_sq02",
      "eth0": "172.19.58.227",
      "hostname": "A04-R08-I58-227-5000438.JCLOUD.COM",
      "rack": "T1-N2-033",
      "serverModule": "HUAWEIRH1288_64C_503G",
      "service": "jcloud",
      "soft": "jmiss-redis-sagent"
    },
    {
      "eidc": "stag_sq02",
      "eth0": "172.19.58.227",
      "hostname": "A04-R08-I58-227-5000438.JCLOUD.COM",
      "rack": "T1-N2-033",
      "serverModule": "HUAWEIRH1288_64C_503G",
      "service": "jcloud",
      "soft": "jcloud-docker-redis"
    },
    {
      "eidc": "stag_sq02",
      "eth0": "172.19.58.229",
      "hostname": "A04-R08-I58-229-5000631.JCLOUD.COM",
      "rack": "T1-N2-033",
      "serverModule": "HUAWEIRH1288_64C_503G",
      "service": "jcloud",
      "soft": "jmiss-redis-sagent"
    },
    {
      "eidc": "stag_sq02",
      "eth0": "172.19.58.229",
      "hostname": "A04-R08-I58-229-5000631.JCLOUD.COM",
      "rack": "T1-N2-033",
      "serverModule": "HUAWEIRH1288_64C_503G",
      "service": "jcloud",
      "soft": "jcloud-docker-redis"
    },
    {
      "eidc": "stag_sq02",
      "eth0": "172.19.58.237",
      "hostname": "A04-R08-I245-237-5000428.JCLOUD.COM",
      "rack": "T1-N2-033",
      "serverModule": "HUAWEIRH1288_64C_503G",
      "service": "jcloud",
      "soft": "jcs-agent"
    },
    {
      "eidc": "stag_sq02",
      "eth0": "172.19.58.40",
      "hostname": "A04-R08-I245-40-2TBJT92.JCLOUD.COM",
      "rack": "T1-N2-009",
      "serverModule": "DELLR630_64C_251G",
      "service": "jcloud",
      "soft": "jcloud-vr"
    },
    {
      "eidc": "stag_sq02",
      "eth0": "172.19.58.46",
      "hostname": "A04-R08-I245-46-91L0C72.JCLOUD.COM",
      "rack": "T1-N2-009",
      "serverModule": "DELLR630_32C_125G",
      "service": "jcloud",
      "soft": "jks-container"
    },
    {
      "eidc": "stag_sq02",
      "eth0": "172.19.58.46",
      "hostname": "A04-R08-I245-46-91L0C72.JCLOUD.COM",
      "rack": "T1-N2-009",
      "serverModule": "DELLR630_32C_125G",
      "service": "jcloud",
      "soft": "jcs-dkvm"
    },
    {
      "eidc": "stag_sq02",
      "eth0": "172.19.58.47",
      "hostname": "A04-R08-I245-47-JGL3352.JCLOUD.COM",
      "rack": "T1-N2-010",
      "serverModule": "DELLR630_32C_251G",
      "service": "jcloud",
      "soft": "jcloud-vr"
    },
    {
      "eidc": "stag_sq02",
      "eth0": "172.19.58.48",
      "hostname": "A04-R08-I245-48-91X2C72.JCLOUD.COM",
      "rack": "T1-N2-009",
      "serverModule": "DELLR630_32C_125G",
      "service": "jcloud",
      "soft": "jks-container"
    },
    {
      "eidc": "stag_sq02",
      "eth0": "172.19.58.48",
      "hostname": "A04-R08-I245-48-91X2C72.JCLOUD.COM",
      "rack": "T1-N2-009",
      "serverModule": "DELLR630_32C_125G",
      "service": "jcloud",
      "soft": "jcs-dkvm"
    },
    {
      "eidc": "stag_sq02",
      "eth0": "172.19.58.67",
      "hostname": "172.19.58.67",
      "rack": "T1-N2-011",
      "serverModule": "HUAWEIRH1288_64C_503G",
      "service": "jcloud",
      "soft": "jcloud-cloudeye"
    },
    {
      "eidc": "stag_sq02",
      "eth0": "172.19.58.68",
      "hostname": "172.19.58.68",
      "rack": "T1-N2-011",
      "serverModule": "HUAWEIRH1288_64C_503G",
      "service": "jcloud",
      "soft": "jcloud-cloudeye"
    },
    {
      "eidc": "stag_sq02",
      "eth0": "172.19.58.70",
      "hostname": "A04-R08-I245-70-1D5ZBP2.JCLOUD.COM",
      "rack": "T1-N2-011",
      "serverModule": "DELLR730XD_64C_251G",
      "service": "jcloud",
      "soft": "jcloud-kvm-sql"
    },
    {
      "eidc": "stag_sq02",
      "eth0": "172.19.58.73",
      "hostname": "A04-R08-I245-73-JMJ1352.JCLOUD.COM",
      "rack": "T1-N2-011",
      "serverModule": "DELLR630_32C_251G",
      "service": "jcloud",
      "soft": "jcloud-dr"
    }
  ]
}